
Commit made on Fri Oct 11 05:49:39 UTC 2024
Commit made on Fri Oct 11 05:56:41 UTC 2024
Commit made on Fri Oct 11 06:17:22 UTC 2024
Commit made on Fri Oct 11 06:40:36 UTC 2024
Commit made on Fri Oct 11 06:50:59 UTC 2024
Commit made on Fri Oct 11 06:57:48 UTC 2024
Commit made on Fri Oct 11 07:14:23 UTC 2024
Commit made on Fri Oct 11 07:28:48 UTC 2024
Commit made on Fri Oct 11 07:37:12 UTC 2024
Commit made on Fri Oct 11 07:44:16 UTC 2024
Commit made on Fri Oct 11 07:51:24 UTC 2024
Commit made on Fri Oct 11 07:58:31 UTC 2024
Commit made on Fri Oct 11 08:20:28 UTC 2024
Commit made on Fri Oct 11 08:38:24 UTC 2024
Commit made on Fri Oct 11 08:48:48 UTC 2024
Commit made on Fri Oct 11 08:55:49 UTC 2024
Commit made on Fri Oct 11 09:11:35 UTC 2024
Commit made on Fri Oct 11 09:29:18 UTC 2024
Commit made on Fri Oct 11 09:39:00 UTC 2024
Commit made on Fri Oct 11 09:45:57 UTC 2024
Commit made on Fri Oct 11 09:53:12 UTC 2024
Commit made on Fri Oct 11 10:00:06 UTC 2024
Commit made on Fri Oct 11 10:19:47 UTC 2024
Commit made on Fri Oct 11 10:37:00 UTC 2024
Commit made on Fri Oct 11 10:45:14 UTC 2024
Commit made on Fri Oct 11 10:52:11 UTC 2024
Commit made on Fri Oct 11 10:59:30 UTC 2024
Commit made on Fri Oct 11 11:15:48 UTC 2024
Commit made on Fri Oct 11 11:27:31 UTC 2024
Commit made on Fri Oct 11 11:36:04 UTC 2024
Commit made on Fri Oct 11 11:43:02 UTC 2024
Commit made on Fri Oct 11 11:50:12 UTC 2024
Commit made on Fri Oct 11 11:57:17 UTC 2024
Commit made on Fri Oct 11 12:24:54 UTC 2024
Commit made on Fri Oct 11 12:55:48 UTC 2024
Commit made on Fri Oct 11 13:16:58 UTC 2024
Commit made on Fri Oct 11 13:34:04 UTC 2024
Commit made on Fri Oct 11 13:43:17 UTC 2024
Commit made on Fri Oct 11 13:50:38 UTC 2024
Commit made on Fri Oct 11 13:57:40 UTC 2024
Commit made on Fri Oct 11 14:13:31 UTC 2024
Commit made on Fri Oct 11 14:31:43 UTC 2024
Commit made on Fri Oct 11 14:42:16 UTC 2024
Commit made on Fri Oct 11 14:49:41 UTC 2024
Commit made on Fri Oct 11 14:56:40 UTC 2024
Commit made on Fri Oct 11 15:12:14 UTC 2024
Commit made on Fri Oct 11 15:29:13 UTC 2024
Commit made on Fri Oct 11 15:39:02 UTC 2024
Commit made on Fri Oct 11 15:45:51 UTC 2024
Commit made on Fri Oct 11 15:53:12 UTC 2024
Commit made on Fri Oct 11 16:00:14 UTC 2024
Commit made on Fri Oct 11 16:24:01 UTC 2024
Commit made on Fri Oct 11 16:42:06 UTC 2024
Commit made on Fri Oct 11 16:50:30 UTC 2024
Commit made on Fri Oct 11 16:57:26 UTC 2024
Commit made on Fri Oct 11 17:38:50 UTC 2024
Commit made on Fri Oct 11 17:45:54 UTC 2024
Commit made on Fri Oct 11 17:52:55 UTC 2024
Commit made on Fri Oct 11 18:00:18 UTC 2024
Commit made on Fri Oct 11 18:25:27 UTC 2024
Commit made on Fri Oct 11 18:41:48 UTC 2024
Commit made on Fri Oct 11 18:50:15 UTC 2024
Commit made on Fri Oct 11 18:57:07 UTC 2024
Commit made on Fri Oct 11 19:10:53 UTC 2024
Commit made on Fri Oct 11 19:22:34 UTC 2024
Commit made on Fri Oct 11 19:29:26 UTC 2024
Commit made on Fri Oct 11 19:37:42 UTC 2024
Commit made on Fri Oct 11 19:44:32 UTC 2024
Commit made on Fri Oct 11 19:51:44 UTC 2024
Commit made on Fri Oct 11 19:58:45 UTC 2024
Commit made on Fri Oct 11 20:17:10 UTC 2024
Commit made on Fri Oct 11 20:31:18 UTC 2024
Commit made on Fri Oct 11 20:41:02 UTC 2024
Commit made on Fri Oct 11 20:47:54 UTC 2024
Commit made on Fri Oct 11 20:55:06 UTC 2024
Commit made on Fri Oct 11 21:10:23 UTC 2024
Commit made on Fri Oct 11 21:28:29 UTC 2024
Commit made on Fri Oct 11 21:36:56 UTC 2024
Commit made on Fri Oct 11 21:44:06 UTC 2024
Commit made on Fri Oct 11 21:51:15 UTC 2024
Commit made on Fri Oct 11 21:58:34 UTC 2024
Commit made on Fri Oct 11 22:14:35 UTC 2024
Commit made on Fri Oct 11 22:32:34 UTC 2024
Commit made on Fri Oct 11 22:44:04 UTC 2024
Commit made on Fri Oct 11 22:51:10 UTC 2024
Commit made on Fri Oct 11 22:58:22 UTC 2024
Commit made on Fri Oct 11 23:15:00 UTC 2024
Commit made on Fri Oct 11 23:27:41 UTC 2024
Commit made on Fri Oct 11 23:36:02 UTC 2024
Commit made on Fri Oct 11 23:43:09 UTC 2024
Commit made on Fri Oct 11 23:50:28 UTC 2024
Commit made on Fri Oct 11 23:57:21 UTC 2024
Commit made on Sat Oct 12 00:59:59 UTC 2024
Commit made on Sat Oct 12 02:14:28 UTC 2024
Commit made on Sat Oct 12 02:54:12 UTC 2024
Commit made on Sat Oct 12 03:11:30 UTC 2024
Commit made on Sat Oct 12 03:31:48 UTC 2024
Commit made on Sat Oct 12 03:42:39 UTC 2024
Commit made on Sat Oct 12 03:49:41 UTC 2024
Commit made on Sat Oct 12 03:56:55 UTC 2024
Commit made on Sat Oct 12 04:14:56 UTC 2024
Commit made on Sat Oct 12 04:33:50 UTC 2024
Commit made on Sat Oct 12 04:45:28 UTC 2024
Commit made on Sat Oct 12 04:52:32 UTC 2024
Commit made on Sat Oct 12 04:59:40 UTC 2024
Commit made on Sat Oct 12 05:17:03 UTC 2024
Commit made on Sat Oct 12 05:32:31 UTC 2024
Commit made on Sat Oct 12 05:41:55 UTC 2024
Commit made on Sat Oct 12 05:48:51 UTC 2024
Commit made on Sat Oct 12 05:56:03 UTC 2024
Commit made on Sat Oct 12 06:13:39 UTC 2024
Commit made on Sat Oct 12 06:35:01 UTC 2024
Commit made on Sat Oct 12 06:46:09 UTC 2024
Commit made on Sat Oct 12 06:52:57 UTC 2024
Commit made on Sat Oct 12 06:59:44 UTC 2024
Commit made on Sat Oct 12 07:15:40 UTC 2024
Commit made on Sat Oct 12 07:27:31 UTC 2024
Commit made on Sat Oct 12 07:35:29 UTC 2024
Commit made on Sat Oct 12 07:42:15 UTC 2024
Commit made on Sat Oct 12 07:49:21 UTC 2024
Commit made on Sat Oct 12 07:56:26 UTC 2024
Commit made on Sat Oct 12 08:13:51 UTC 2024
Commit made on Sat Oct 12 08:32:25 UTC 2024
Commit made on Sat Oct 12 08:43:52 UTC 2024
Commit made on Sat Oct 12 08:51:00 UTC 2024
Commit made on Sat Oct 12 08:58:04 UTC 2024
Commit made on Sat Oct 12 09:15:47 UTC 2024
Commit made on Sat Oct 12 09:29:38 UTC 2024
Commit made on Sat Oct 12 09:37:45 UTC 2024
Commit made on Sat Oct 12 09:44:50 UTC 2024
Commit made on Sat Oct 12 09:51:55 UTC 2024
Commit made on Sat Oct 12 09:59:21 UTC 2024
Commit made on Sat Oct 12 10:16:11 UTC 2024
Commit made on Sat Oct 12 10:32:53 UTC 2024
Commit made on Sat Oct 12 10:42:10 UTC 2024
Commit made on Sat Oct 12 10:49:18 UTC 2024
Commit made on Sat Oct 12 10:56:24 UTC 2024
Commit made on Sat Oct 12 11:09:07 UTC 2024
Commit made on Sat Oct 12 11:22:13 UTC 2024
Commit made on Sat Oct 12 11:30:52 UTC 2024
Commit made on Sat Oct 12 11:38:13 UTC 2024
Commit made on Sat Oct 12 11:45:08 UTC 2024
Commit made on Sat Oct 12 11:52:11 UTC 2024
Commit made on Sat Oct 12 11:59:16 UTC 2024
Commit made on Sat Oct 12 12:30:56 UTC 2024
Commit made on Sat Oct 12 12:56:54 UTC 2024
Commit made on Sat Oct 12 13:16:28 UTC 2024
Commit made on Sat Oct 12 13:30:50 UTC 2024
Commit made on Sat Oct 12 13:38:49 UTC 2024
Commit made on Sat Oct 12 13:45:54 UTC 2024
Commit made on Sat Oct 12 13:53:09 UTC 2024
Commit made on Sat Oct 12 14:00:17 UTC 2024
Commit made on Sat Oct 12 14:16:02 UTC 2024
Commit made on Sat Oct 12 14:30:16 UTC 2024
Commit made on Sat Oct 12 14:39:18 UTC 2024
Commit made on Sat Oct 12 14:46:39 UTC 2024
Commit made on Sat Oct 12 14:53:55 UTC 2024
Commit made on Sat Oct 12 15:01:02 UTC 2024
Commit made on Sat Oct 12 15:20:31 UTC 2024
Commit made on Sat Oct 12 15:31:34 UTC 2024
Commit made on Sat Oct 12 15:39:42 UTC 2024
Commit made on Sat Oct 12 15:46:50 UTC 2024
Commit made on Sat Oct 12 15:54:02 UTC 2024
Commit made on Sat Oct 12 16:00:57 UTC 2024
Commit made on Sat Oct 12 16:24:50 UTC 2024
Commit made on Sat Oct 12 16:41:42 UTC 2024
Commit made on Sat Oct 12 16:49:43 UTC 2024
Commit made on Sat Oct 12 16:56:44 UTC 2024
Commit made on Sat Oct 12 17:10:13 UTC 2024
Commit made on Sat Oct 12 17:26:43 UTC 2024
Commit made on Sat Oct 12 17:35:06 UTC 2024
Commit made on Sat Oct 12 17:42:12 UTC 2024
Commit made on Sat Oct 12 17:49:15 UTC 2024
Commit made on Sat Oct 12 17:56:10 UTC 2024
Commit made on Sat Oct 12 18:13:06 UTC 2024
Commit made on Sat Oct 12 18:34:07 UTC 2024
Commit made on Sat Oct 12 18:44:39 UTC 2024
Commit made on Sat Oct 12 18:52:03 UTC 2024
Commit made on Sat Oct 12 18:58:56 UTC 2024
Commit made on Sat Oct 12 19:12:23 UTC 2024
Commit made on Sat Oct 12 19:21:45 UTC 2024
Commit made on Sat Oct 12 19:29:04 UTC 2024
Commit made on Sat Oct 12 19:37:29 UTC 2024
Commit made on Sat Oct 12 19:44:27 UTC 2024
Commit made on Sat Oct 12 19:51:28 UTC 2024
Commit made on Sat Oct 12 19:58:36 UTC 2024
Commit made on Sat Oct 12 20:16:11 UTC 2024
Commit made on Sat Oct 12 20:29:32 UTC 2024
Commit made on Sat Oct 12 20:37:47 UTC 2024
Commit made on Sat Oct 12 20:44:53 UTC 2024
Commit made on Sat Oct 12 20:52:03 UTC 2024
Commit made on Sat Oct 12 20:59:03 UTC 2024
Commit made on Sat Oct 12 21:17:04 UTC 2024
Commit made on Sat Oct 12 21:29:44 UTC 2024
Commit made on Sat Oct 12 21:37:46 UTC 2024
Commit made on Sat Oct 12 21:45:01 UTC 2024
Commit made on Sat Oct 12 21:52:06 UTC 2024
Commit made on Sat Oct 12 21:59:20 UTC 2024
Commit made on Sat Oct 12 22:15:41 UTC 2024
Commit made on Sat Oct 12 22:32:26 UTC 2024
Commit made on Sat Oct 12 22:42:10 UTC 2024
Commit made on Sat Oct 12 22:49:31 UTC 2024
Commit made on Sat Oct 12 22:56:22 UTC 2024
Commit made on Sat Oct 12 23:10:49 UTC 2024
Commit made on Sat Oct 12 23:25:08 UTC 2024
Commit made on Sat Oct 12 23:33:11 UTC 2024
Commit made on Sat Oct 12 23:40:34 UTC 2024
Commit made on Sat Oct 12 23:47:46 UTC 2024
Commit made on Sat Oct 12 23:55:04 UTC 2024
Commit made on Sun Oct 13 00:43:50 UTC 2024
Commit made on Sun Oct 13 02:13:08 UTC 2024
Commit made on Sun Oct 13 03:01:30 UTC 2024
Commit made on Sun Oct 13 03:28:59 UTC 2024
Commit made on Sun Oct 13 03:43:43 UTC 2024
Commit made on Sun Oct 13 03:51:03 UTC 2024
Commit made on Sun Oct 13 03:58:02 UTC 2024
Commit made on Sun Oct 13 04:17:31 UTC 2024
Commit made on Sun Oct 13 04:36:26 UTC 2024
Commit made on Sun Oct 13 04:46:54 UTC 2024
Commit made on Sun Oct 13 04:54:00 UTC 2024
Commit made on Sun Oct 13 05:01:01 UTC 2024
Commit made on Sun Oct 13 05:20:40 UTC 2024
Commit made on Sun Oct 13 05:34:37 UTC 2024
Commit made on Sun Oct 13 05:42:53 UTC 2024
Commit made on Sun Oct 13 05:50:05 UTC 2024
Commit made on Sun Oct 13 05:56:59 UTC 2024
Commit made on Sun Oct 13 06:16:59 UTC 2024
Commit made on Sun Oct 13 06:37:55 UTC 2024
Commit made on Sun Oct 13 06:47:53 UTC 2024
Commit made on Sun Oct 13 06:54:55 UTC 2024
Commit made on Sun Oct 13 07:07:58 UTC 2024
Commit made on Sun Oct 13 07:23:13 UTC 2024
Commit made on Sun Oct 13 07:30:37 UTC 2024
Commit made on Sun Oct 13 07:39:15 UTC 2024
Commit made on Sun Oct 13 07:46:09 UTC 2024
Commit made on Sun Oct 13 07:53:31 UTC 2024
Commit made on Sun Oct 13 08:00:23 UTC 2024
Commit made on Sun Oct 13 08:23:22 UTC 2024
Commit made on Sun Oct 13 08:37:54 UTC 2024
Commit made on Sun Oct 13 08:46:37 UTC 2024
Commit made on Sun Oct 13 08:53:48 UTC 2024
Commit made on Sun Oct 13 09:00:49 UTC 2024
Commit made on Sun Oct 13 09:20:17 UTC 2024
Commit made on Sun Oct 13 09:31:02 UTC 2024
Commit made on Sun Oct 13 09:39:04 UTC 2024
Commit made on Sun Oct 13 09:45:57 UTC 2024
Commit made on Sun Oct 13 09:53:09 UTC 2024
Commit made on Sun Oct 13 10:00:20 UTC 2024
Commit made on Sun Oct 13 10:18:47 UTC 2024
Commit made on Sun Oct 13 10:34:09 UTC 2024
Commit made on Sun Oct 13 10:42:52 UTC 2024
Commit made on Sun Oct 13 10:49:54 UTC 2024
Commit made on Sun Oct 13 10:56:47 UTC 2024
Commit made on Sun Oct 13 11:09:45 UTC 2024
Commit made on Sun Oct 13 11:21:14 UTC 2024
Commit made on Sun Oct 13 11:28:13 UTC 2024
Commit made on Sun Oct 13 11:36:26 UTC 2024
Commit made on Sun Oct 13 11:43:43 UTC 2024
Commit made on Sun Oct 13 11:50:51 UTC 2024
Commit made on Sun Oct 13 11:58:02 UTC 2024
Commit made on Sun Oct 13 12:26:12 UTC 2024
Commit made on Sun Oct 13 12:55:26 UTC 2024
Commit made on Sun Oct 13 13:15:43 UTC 2024
Commit made on Sun Oct 13 13:31:25 UTC 2024
Commit made on Sun Oct 13 13:40:09 UTC 2024
Commit made on Sun Oct 13 13:47:23 UTC 2024
Commit made on Sun Oct 13 13:54:37 UTC 2024
Commit made on Sun Oct 13 14:03:52 UTC 2024
Commit made on Sun Oct 13 14:21:53 UTC 2024
Commit made on Sun Oct 13 14:32:50 UTC 2024
Commit made on Sun Oct 13 14:40:54 UTC 2024
Commit made on Sun Oct 13 14:48:11 UTC 2024
Commit made on Sun Oct 13 14:55:22 UTC 2024
Commit made on Sun Oct 13 15:08:23 UTC 2024
Commit made on Sun Oct 13 15:28:06 UTC 2024
Commit made on Sun Oct 13 15:39:09 UTC 2024
Commit made on Sun Oct 13 15:46:09 UTC 2024
Commit made on Sun Oct 13 15:53:01 UTC 2024
Commit made on Sun Oct 13 16:00:11 UTC 2024
Commit made on Sun Oct 13 16:22:13 UTC 2024
Commit made on Sun Oct 13 16:39:28 UTC 2024
Commit made on Sun Oct 13 16:47:38 UTC 2024
Commit made on Sun Oct 13 16:54:57 UTC 2024
Commit made on Sun Oct 13 17:05:21 UTC 2024
Commit made on Sun Oct 13 17:22:29 UTC 2024
Commit made on Sun Oct 13 17:31:48 UTC 2024
Commit made on Sun Oct 13 17:39:36 UTC 2024
Commit made on Sun Oct 13 17:46:27 UTC 2024
Commit made on Sun Oct 13 17:53:26 UTC 2024
Commit made on Sun Oct 13 18:00:33 UTC 2024
Commit made on Sun Oct 13 18:25:19 UTC 2024
Commit made on Sun Oct 13 18:39:45 UTC 2024
Commit made on Sun Oct 13 18:47:52 UTC 2024
Commit made on Sun Oct 13 18:55:15 UTC 2024
Commit made on Sun Oct 13 19:07:26 UTC 2024
Commit made on Sun Oct 13 19:22:48 UTC 2024
Commit made on Sun Oct 13 19:30:29 UTC 2024
Commit made on Sun Oct 13 19:38:12 UTC 2024
Commit made on Sun Oct 13 19:45:04 UTC 2024
Commit made on Sun Oct 13 19:52:11 UTC 2024
Commit made on Sun Oct 13 19:59:20 UTC 2024
Commit made on Sun Oct 13 20:18:07 UTC 2024
Commit made on Sun Oct 13 20:30:36 UTC 2024
Commit made on Sun Oct 13 20:39:13 UTC 2024
Commit made on Sun Oct 13 20:45:59 UTC 2024
Commit made on Sun Oct 13 20:53:08 UTC 2024
Commit made on Sun Oct 13 21:00:03 UTC 2024
Commit made on Sun Oct 13 21:17:57 UTC 2024
Commit made on Sun Oct 13 21:29:06 UTC 2024
Commit made on Sun Oct 13 21:36:55 UTC 2024
Commit made on Sun Oct 13 21:43:41 UTC 2024
Commit made on Sun Oct 13 21:50:52 UTC 2024
Commit made on Sun Oct 13 21:57:43 UTC 2024
Commit made on Sun Oct 13 22:12:47 UTC 2024
Commit made on Sun Oct 13 22:30:15 UTC 2024
Commit made on Sun Oct 13 22:40:10 UTC 2024
Commit made on Sun Oct 13 22:47:02 UTC 2024
Commit made on Sun Oct 13 22:54:17 UTC 2024
Commit made on Sun Oct 13 23:01:29 UTC 2024
Commit made on Sun Oct 13 23:23:50 UTC 2024
Commit made on Sun Oct 13 23:35:53 UTC 2024
Commit made on Sun Oct 13 23:44:34 UTC 2024
Commit made on Sun Oct 13 23:51:42 UTC 2024
Commit made on Sun Oct 13 23:58:32 UTC 2024
Commit made on Mon Oct 14 01:13:38 UTC 2024
Commit made on Mon Oct 14 02:34:44 UTC 2024
Commit made on Mon Oct 14 03:07:24 UTC 2024
Commit made on Mon Oct 14 03:35:04 UTC 2024
Commit made on Mon Oct 14 03:49:02 UTC 2024
Commit made on Mon Oct 14 03:56:14 UTC 2024
Commit made on Mon Oct 14 04:14:11 UTC 2024
Commit made on Mon Oct 14 04:33:53 UTC 2024
Commit made on Mon Oct 14 04:45:53 UTC 2024
Commit made on Mon Oct 14 04:52:45 UTC 2024
Commit made on Mon Oct 14 04:59:49 UTC 2024
Commit made on Mon Oct 14 05:18:43 UTC 2024
Commit made on Mon Oct 14 05:34:36 UTC 2024
Commit made on Mon Oct 14 05:43:51 UTC 2024
Commit made on Mon Oct 14 05:51:04 UTC 2024
Commit made on Mon Oct 14 05:58:05 UTC 2024
Commit made on Mon Oct 14 06:21:45 UTC 2024
Commit made on Mon Oct 14 06:43:47 UTC 2024
Commit made on Mon Oct 14 06:53:28 UTC 2024
Commit made on Mon Oct 14 07:00:28 UTC 2024
Commit made on Mon Oct 14 07:21:33 UTC 2024
Commit made on Mon Oct 14 07:35:34 UTC 2024
Commit made on Mon Oct 14 07:44:32 UTC 2024
Commit made on Mon Oct 14 07:51:24 UTC 2024
Commit made on Mon Oct 14 07:58:19 UTC 2024
Commit made on Mon Oct 14 08:20:39 UTC 2024
Commit made on Mon Oct 14 08:39:53 UTC 2024
Commit made on Mon Oct 14 08:50:56 UTC 2024
Commit made on Mon Oct 14 08:58:01 UTC 2024
Commit made on Mon Oct 14 09:16:46 UTC 2024
Commit made on Mon Oct 14 09:32:37 UTC 2024
Commit made on Mon Oct 14 09:43:00 UTC 2024
Commit made on Mon Oct 14 09:49:53 UTC 2024
Commit made on Mon Oct 14 09:56:42 UTC 2024
Commit made on Mon Oct 14 10:13:50 UTC 2024
Commit made on Mon Oct 14 10:35:41 UTC 2024
Commit made on Mon Oct 14 10:46:49 UTC 2024
Commit made on Mon Oct 14 10:54:07 UTC 2024
Commit made on Mon Oct 14 11:01:00 UTC 2024
Commit made on Mon Oct 14 11:18:45 UTC 2024
Commit made on Mon Oct 14 11:28:51 UTC 2024
Commit made on Mon Oct 14 11:36:58 UTC 2024
Commit made on Mon Oct 14 11:44:07 UTC 2024
Commit made on Mon Oct 14 11:51:09 UTC 2024
Commit made on Mon Oct 14 11:58:20 UTC 2024
Commit made on Mon Oct 14 12:30:45 UTC 2024
Commit made on Mon Oct 14 13:01:28 UTC 2024
Commit made on Mon Oct 14 13:30:02 UTC 2024
Commit made on Mon Oct 14 13:43:07 UTC 2024
Commit made on Mon Oct 14 13:50:13 UTC 2024
Commit made on Mon Oct 14 13:57:18 UTC 2024
Commit made on Mon Oct 14 14:13:31 UTC 2024
Commit made on Mon Oct 14 14:32:49 UTC 2024
Commit made on Mon Oct 14 14:44:17 UTC 2024
Commit made on Mon Oct 14 14:51:07 UTC 2024
Commit made on Mon Oct 14 14:58:17 UTC 2024
Commit made on Mon Oct 14 15:16:21 UTC 2024
Commit made on Mon Oct 14 15:31:56 UTC 2024
Commit made on Mon Oct 14 15:41:53 UTC 2024
Commit made on Mon Oct 14 15:48:53 UTC 2024
Commit made on Mon Oct 14 15:56:02 UTC 2024
Commit made on Mon Oct 14 16:13:02 UTC 2024
Commit made on Mon Oct 14 16:35:08 UTC 2024
Commit made on Mon Oct 14 16:48:35 UTC 2024
Commit made on Mon Oct 14 16:55:42 UTC 2024
Commit made on Mon Oct 14 17:09:39 UTC 2024
Commit made on Mon Oct 14 17:29:21 UTC 2024
Commit made on Mon Oct 14 17:39:35 UTC 2024
Commit made on Mon Oct 14 17:46:42 UTC 2024
Commit made on Mon Oct 14 17:54:01 UTC 2024
Commit made on Mon Oct 14 18:01:03 UTC 2024
Commit made on Mon Oct 14 18:28:40 UTC 2024
Commit made on Mon Oct 14 18:44:05 UTC 2024
Commit made on Mon Oct 14 18:51:28 UTC 2024
Commit made on Mon Oct 14 18:58:32 UTC 2024
Commit made on Mon Oct 14 19:12:52 UTC 2024
Commit made on Mon Oct 14 19:23:12 UTC 2024
Commit made on Mon Oct 14 19:30:02 UTC 2024
Commit made on Mon Oct 14 19:38:11 UTC 2024
Commit made on Mon Oct 14 19:45:05 UTC 2024
Commit made on Mon Oct 14 19:52:33 UTC 2024
Commit made on Mon Oct 14 19:59:33 UTC 2024
Commit made on Mon Oct 14 20:19:45 UTC 2024
Commit made on Mon Oct 14 20:32:46 UTC 2024
Commit made on Mon Oct 14 20:42:13 UTC 2024
Commit made on Mon Oct 14 20:49:17 UTC 2024
Commit made on Mon Oct 14 20:56:33 UTC 2024
Commit made on Mon Oct 14 21:11:12 UTC 2024
Commit made on Mon Oct 14 21:25:56 UTC 2024
Commit made on Mon Oct 14 21:34:03 UTC 2024
Commit made on Mon Oct 14 21:41:08 UTC 2024
Commit made on Mon Oct 14 21:48:09 UTC 2024
Commit made on Mon Oct 14 21:55:10 UTC 2024
Commit made on Mon Oct 14 22:10:45 UTC 2024
Commit made on Mon Oct 14 22:31:17 UTC 2024
Commit made on Mon Oct 14 22:42:29 UTC 2024
Commit made on Mon Oct 14 22:49:37 UTC 2024
Commit made on Mon Oct 14 22:56:45 UTC 2024
Commit made on Mon Oct 14 23:12:00 UTC 2024
Commit made on Mon Oct 14 23:27:07 UTC 2024
Commit made on Mon Oct 14 23:34:56 UTC 2024
Commit made on Mon Oct 14 23:41:59 UTC 2024
Commit made on Mon Oct 14 23:49:16 UTC 2024
Commit made on Mon Oct 14 23:56:24 UTC 2024
Commit made on Tue Oct 15 00:53:52 UTC 2024
Commit made on Tue Oct 15 02:11:55 UTC 2024
Commit made on Tue Oct 15 02:59:03 UTC 2024
Commit made on Tue Oct 15 03:23:34 UTC 2024
Commit made on Tue Oct 15 03:40:57 UTC 2024
Commit made on Tue Oct 15 03:50:09 UTC 2024
Commit made on Tue Oct 15 03:57:12 UTC 2024
Commit made on Tue Oct 15 04:16:28 UTC 2024
Commit made on Tue Oct 15 04:35:27 UTC 2024
Commit made on Tue Oct 15 04:46:14 UTC 2024
Commit made on Tue Oct 15 04:53:31 UTC 2024
Commit made on Tue Oct 15 05:00:22 UTC 2024
Commit made on Tue Oct 15 05:20:00 UTC 2024
Commit made on Tue Oct 15 05:35:46 UTC 2024
Commit made on Tue Oct 15 05:44:40 UTC 2024
Commit made on Tue Oct 15 05:51:31 UTC 2024
Commit made on Tue Oct 15 05:58:47 UTC 2024
Commit made on Tue Oct 15 06:23:00 UTC 2024
Commit made on Tue Oct 15 06:42:49 UTC 2024
Commit made on Tue Oct 15 06:53:48 UTC 2024
Commit made on Tue Oct 15 07:00:56 UTC 2024
Commit made on Tue Oct 15 07:20:50 UTC 2024
Commit made on Tue Oct 15 07:33:07 UTC 2024
Commit made on Tue Oct 15 07:41:41 UTC 2024
Commit made on Tue Oct 15 07:48:34 UTC 2024
Commit made on Tue Oct 15 07:55:30 UTC 2024
Commit made on Tue Oct 15 08:13:58 UTC 2024
Commit made on Tue Oct 15 08:35:01 UTC 2024
Commit made on Tue Oct 15 08:48:10 UTC 2024
Commit made on Tue Oct 15 08:55:13 UTC 2024
Commit made on Tue Oct 15 09:10:23 UTC 2024
Commit made on Tue Oct 15 09:29:02 UTC 2024
Commit made on Tue Oct 15 09:39:23 UTC 2024
Commit made on Tue Oct 15 09:46:13 UTC 2024
Commit made on Tue Oct 15 09:54:07 UTC 2024
Commit made on Tue Oct 15 10:00:26 UTC 2024
Commit made on Tue Oct 15 10:22:21 UTC 2024
Commit made on Tue Oct 15 10:40:44 UTC 2024
Commit made on Tue Oct 15 10:49:02 UTC 2024
Commit made on Tue Oct 15 10:56:01 UTC 2024
Commit made on Tue Oct 15 11:09:53 UTC 2024
Commit made on Tue Oct 15 11:23:34 UTC 2024
Commit made on Tue Oct 15 11:30:24 UTC 2024
Commit made on Tue Oct 15 11:38:56 UTC 2024
Commit made on Tue Oct 15 11:46:04 UTC 2024
Commit made on Tue Oct 15 11:53:19 UTC 2024
Commit made on Tue Oct 15 12:00:37 UTC 2024
Commit made on Tue Oct 15 12:39:30 UTC 2024
Commit made on Tue Oct 15 13:05:06 UTC 2024
Commit made on Tue Oct 15 13:31:54 UTC 2024
Commit made on Tue Oct 15 13:43:21 UTC 2024
Commit made on Tue Oct 15 13:50:26 UTC 2024
Commit made on Tue Oct 15 13:57:38 UTC 2024
Commit made on Tue Oct 15 14:13:59 UTC 2024
Commit made on Tue Oct 15 14:32:29 UTC 2024
Commit made on Tue Oct 15 14:43:53 UTC 2024
Commit made on Tue Oct 15 14:50:47 UTC 2024
Commit made on Tue Oct 15 14:58:03 UTC 2024
Commit made on Tue Oct 15 15:15:48 UTC 2024
Commit made on Tue Oct 15 15:32:09 UTC 2024
Commit made on Tue Oct 15 15:44:27 UTC 2024
Commit made on Tue Oct 15 15:49:55 UTC 2024
Commit made on Tue Oct 15 15:57:12 UTC 2024
Commit made on Tue Oct 15 16:15:51 UTC 2024
Commit made on Tue Oct 15 16:37:34 UTC 2024
Commit made on Tue Oct 15 16:50:15 UTC 2024
Commit made on Tue Oct 15 16:56:28 UTC 2024
Commit made on Tue Oct 15 17:11:50 UTC 2024
Commit made on Tue Oct 15 17:30:32 UTC 2024
Commit made on Tue Oct 15 17:40:49 UTC 2024
Commit made on Tue Oct 15 17:48:04 UTC 2024
Commit made on Tue Oct 15 17:55:03 UTC 2024
Commit made on Tue Oct 15 18:11:48 UTC 2024
Commit made on Tue Oct 15 18:35:57 UTC 2024
Commit made on Tue Oct 15 18:47:58 UTC 2024
Commit made on Tue Oct 15 18:55:04 UTC 2024
Commit made on Tue Oct 15 19:08:32 UTC 2024
Commit made on Tue Oct 15 19:22:40 UTC 2024
Commit made on Tue Oct 15 19:29:39 UTC 2024
Commit made on Tue Oct 15 19:38:12 UTC 2024
Commit made on Tue Oct 15 19:45:28 UTC 2024
Commit made on Tue Oct 15 19:52:35 UTC 2024
Commit made on Tue Oct 15 19:59:52 UTC 2024
Commit made on Tue Oct 15 20:20:22 UTC 2024
Commit made on Tue Oct 15 20:32:35 UTC 2024
Commit made on Tue Oct 15 20:42:19 UTC 2024
Commit made on Tue Oct 15 20:49:24 UTC 2024
Commit made on Tue Oct 15 20:56:35 UTC 2024
Commit made on Tue Oct 15 21:11:36 UTC 2024
Commit made on Tue Oct 15 21:26:50 UTC 2024
Commit made on Tue Oct 15 21:35:30 UTC 2024
Commit made on Tue Oct 15 21:42:38 UTC 2024
Commit made on Tue Oct 15 21:49:45 UTC 2024
Commit made on Tue Oct 15 21:56:42 UTC 2024
Commit made on Tue Oct 15 22:12:08 UTC 2024
Commit made on Tue Oct 15 22:31:03 UTC 2024
Commit made on Tue Oct 15 22:41:47 UTC 2024
Commit made on Tue Oct 15 22:48:52 UTC 2024
Commit made on Tue Oct 15 22:56:06 UTC 2024
Commit made on Tue Oct 15 23:12:19 UTC 2024
Commit made on Tue Oct 15 23:27:57 UTC 2024
Commit made on Tue Oct 15 23:37:25 UTC 2024
Commit made on Tue Oct 15 23:44:09 UTC 2024
Commit made on Tue Oct 15 23:51:25 UTC 2024
Commit made on Tue Oct 15 23:58:35 UTC 2024
Commit made on Wed Oct 16 01:11:47 UTC 2024
Commit made on Wed Oct 16 02:33:38 UTC 2024
Commit made on Wed Oct 16 03:06:05 UTC 2024
Commit made on Wed Oct 16 03:33:23 UTC 2024
Commit made on Wed Oct 16 03:47:07 UTC 2024
Commit made on Wed Oct 16 03:54:05 UTC 2024
Commit made on Wed Oct 16 04:01:34 UTC 2024
Commit made on Wed Oct 16 04:26:45 UTC 2024
Commit made on Wed Oct 16 04:40:52 UTC 2024
Commit made on Wed Oct 16 04:49:25 UTC 2024
Commit made on Wed Oct 16 04:56:30 UTC 2024
Commit made on Wed Oct 16 05:12:43 UTC 2024
Commit made on Wed Oct 16 05:32:00 UTC 2024
Commit made on Wed Oct 16 05:42:59 UTC 2024
Commit made on Wed Oct 16 05:50:01 UTC 2024
Commit made on Wed Oct 16 05:56:57 UTC 2024
Commit made on Wed Oct 16 06:18:08 UTC 2024
Commit made on Wed Oct 16 06:40:55 UTC 2024
Commit made on Wed Oct 16 06:51:28 UTC 2024
Commit made on Wed Oct 16 06:58:33 UTC 2024
Commit made on Wed Oct 16 07:16:03 UTC 2024
Commit made on Wed Oct 16 07:29:54 UTC 2024
Commit made on Wed Oct 16 07:38:48 UTC 2024
Commit made on Wed Oct 16 07:45:44 UTC 2024
Commit made on Wed Oct 16 07:52:52 UTC 2024
Commit made on Wed Oct 16 08:00:12 UTC 2024
Commit made on Wed Oct 16 08:25:38 UTC 2024
Commit made on Wed Oct 16 08:41:53 UTC 2024
Commit made on Wed Oct 16 08:52:27 UTC 2024
Commit made on Wed Oct 16 08:59:33 UTC 2024
Commit made on Wed Oct 16 09:19:46 UTC 2024
Commit made on Wed Oct 16 09:33:29 UTC 2024
Commit made on Wed Oct 16 09:43:09 UTC 2024
Commit made on Wed Oct 16 09:50:29 UTC 2024
Commit made on Wed Oct 16 09:57:40 UTC 2024
Commit made on Wed Oct 16 10:14:58 UTC 2024
Commit made on Wed Oct 16 10:34:36 UTC 2024
Commit made on Wed Oct 16 10:44:54 UTC 2024
Commit made on Wed Oct 16 10:52:12 UTC 2024
Commit made on Wed Oct 16 10:59:06 UTC 2024
Commit made on Wed Oct 16 11:15:15 UTC 2024
Commit made on Wed Oct 16 11:26:25 UTC 2024
Commit made on Wed Oct 16 11:34:25 UTC 2024
Commit made on Wed Oct 16 11:41:23 UTC 2024
Commit made on Wed Oct 16 11:48:27 UTC 2024
Commit made on Wed Oct 16 11:55:22 UTC 2024
Commit made on Wed Oct 16 12:17:29 UTC 2024
Commit made on Wed Oct 16 12:54:00 UTC 2024
Commit made on Wed Oct 16 13:16:43 UTC 2024
Commit made on Wed Oct 16 13:35:08 UTC 2024
Commit made on Wed Oct 16 13:44:38 UTC 2024
Commit made on Wed Oct 16 13:51:32 UTC 2024
Commit made on Wed Oct 16 13:58:38 UTC 2024
Commit made on Wed Oct 16 14:15:23 UTC 2024
Commit made on Wed Oct 16 14:33:06 UTC 2024
Commit made on Wed Oct 16 14:44:11 UTC 2024
Commit made on Wed Oct 16 14:51:27 UTC 2024
Commit made on Wed Oct 16 14:58:32 UTC 2024
Commit made on Wed Oct 16 15:17:22 UTC 2024
Commit made on Wed Oct 16 15:32:53 UTC 2024
Commit made on Wed Oct 16 15:43:09 UTC 2024
Commit made on Wed Oct 16 15:50:15 UTC 2024
Commit made on Wed Oct 16 15:57:25 UTC 2024
Commit made on Wed Oct 16 16:15:57 UTC 2024
Commit made on Wed Oct 16 16:37:57 UTC 2024
Commit made on Wed Oct 16 16:48:45 UTC 2024
Commit made on Wed Oct 16 16:55:40 UTC 2024
Commit made on Wed Oct 16 17:09:31 UTC 2024
Commit made on Wed Oct 16 17:30:39 UTC 2024
Commit made on Wed Oct 16 17:42:03 UTC 2024
Commit made on Wed Oct 16 17:49:24 UTC 2024
Commit made on Wed Oct 16 17:56:37 UTC 2024
Commit made on Wed Oct 16 18:16:14 UTC 2024
Commit made on Wed Oct 16 18:38:13 UTC 2024
Commit made on Wed Oct 16 18:48:53 UTC 2024
Commit made on Wed Oct 16 18:56:05 UTC 2024
Commit made on Wed Oct 16 19:09:32 UTC 2024
Commit made on Wed Oct 16 19:21:49 UTC 2024
Commit made on Wed Oct 16 19:28:42 UTC 2024
Commit made on Wed Oct 16 19:37:04 UTC 2024
Commit made on Wed Oct 16 19:44:03 UTC 2024
Commit made on Wed Oct 16 19:51:47 UTC 2024
Commit made on Wed Oct 16 19:57:57 UTC 2024
Commit made on Wed Oct 16 20:16:11 UTC 2024
Commit made on Wed Oct 16 20:30:54 UTC 2024
Commit made on Wed Oct 16 20:40:53 UTC 2024
Commit made on Wed Oct 16 20:47:54 UTC 2024
Commit made on Wed Oct 16 20:54:39 UTC 2024
Commit made on Wed Oct 16 21:08:10 UTC 2024
Commit made on Wed Oct 16 21:25:58 UTC 2024
Commit made on Wed Oct 16 21:35:34 UTC 2024
Commit made on Wed Oct 16 21:42:58 UTC 2024
Commit made on Wed Oct 16 21:49:58 UTC 2024
Commit made on Wed Oct 16 21:56:53 UTC 2024
Commit made on Wed Oct 16 22:12:10 UTC 2024
Commit made on Wed Oct 16 22:30:57 UTC 2024
Commit made on Wed Oct 16 22:41:39 UTC 2024
Commit made on Wed Oct 16 22:48:35 UTC 2024
Commit made on Wed Oct 16 22:55:56 UTC 2024
Commit made on Wed Oct 16 23:10:51 UTC 2024
Commit made on Wed Oct 16 23:27:21 UTC 2024
Commit made on Wed Oct 16 23:36:38 UTC 2024
Commit made on Wed Oct 16 23:43:42 UTC 2024
Commit made on Wed Oct 16 23:50:39 UTC 2024
Commit made on Wed Oct 16 23:57:43 UTC 2024
Commit made on Thu Oct 17 01:04:39 UTC 2024
Commit made on Thu Oct 17 02:21:55 UTC 2024
Commit made on Thu Oct 17 03:00:53 UTC 2024
Commit made on Thu Oct 17 03:26:21 UTC 2024
Commit made on Thu Oct 17 03:41:43 UTC 2024
Commit made on Thu Oct 17 03:49:55 UTC 2024
Commit made on Thu Oct 17 03:56:46 UTC 2024
Commit made on Thu Oct 17 04:15:11 UTC 2024
Commit made on Thu Oct 17 04:34:01 UTC 2024
Commit made on Thu Oct 17 04:46:57 UTC 2024
Commit made on Thu Oct 17 04:54:21 UTC 2024
Commit made on Thu Oct 17 05:01:28 UTC 2024
Commit made on Thu Oct 17 05:21:38 UTC 2024
Commit made on Thu Oct 17 05:36:51 UTC 2024
Commit made on Thu Oct 17 05:44:52 UTC 2024
Commit made on Thu Oct 17 05:52:01 UTC 2024
Commit made on Thu Oct 17 05:59:07 UTC 2024
Commit made on Thu Oct 17 06:24:12 UTC 2024
Commit made on Thu Oct 17 06:42:45 UTC 2024
Commit made on Thu Oct 17 06:52:04 UTC 2024
Commit made on Thu Oct 17 06:59:17 UTC 2024
Commit made on Thu Oct 17 07:17:31 UTC 2024
Commit made on Thu Oct 17 07:30:50 UTC 2024
Commit made on Thu Oct 17 07:39:23 UTC 2024
Commit made on Thu Oct 17 07:46:34 UTC 2024
Commit made on Thu Oct 17 07:53:28 UTC 2024
Commit made on Thu Oct 17 08:00:47 UTC 2024
Commit made on Thu Oct 17 08:26:49 UTC 2024
Commit made on Thu Oct 17 08:42:13 UTC 2024
Commit made on Thu Oct 17 08:51:36 UTC 2024
Commit made on Thu Oct 17 08:58:48 UTC 2024
Commit made on Thu Oct 17 09:17:48 UTC 2024
Commit made on Thu Oct 17 09:32:02 UTC 2024
Commit made on Thu Oct 17 09:42:06 UTC 2024
Commit made on Thu Oct 17 09:48:57 UTC 2024
Commit made on Thu Oct 17 09:56:01 UTC 2024
Commit made on Thu Oct 17 10:11:44 UTC 2024
Commit made on Thu Oct 17 10:33:24 UTC 2024
Commit made on Thu Oct 17 10:44:50 UTC 2024
Commit made on Thu Oct 17 10:51:53 UTC 2024
Commit made on Thu Oct 17 10:59:04 UTC 2024
Commit made on Thu Oct 17 11:14:30 UTC 2024
Commit made on Thu Oct 17 11:26:13 UTC 2024
Commit made on Thu Oct 17 11:34:31 UTC 2024
Commit made on Thu Oct 17 11:41:31 UTC 2024
Commit made on Thu Oct 17 11:48:36 UTC 2024
Commit made on Thu Oct 17 11:55:24 UTC 2024
Commit made on Thu Oct 17 12:17:32 UTC 2024
Commit made on Thu Oct 17 12:54:04 UTC 2024
Commit made on Thu Oct 17 13:17:07 UTC 2024
Commit made on Thu Oct 17 13:35:33 UTC 2024
Commit made on Thu Oct 17 13:45:01 UTC 2024
Commit made on Thu Oct 17 13:52:24 UTC 2024
Commit made on Thu Oct 17 13:59:14 UTC 2024
Commit made on Thu Oct 17 14:16:48 UTC 2024
Commit made on Thu Oct 17 14:33:36 UTC 2024
Commit made on Thu Oct 17 14:43:27 UTC 2024
Commit made on Thu Oct 17 14:50:24 UTC 2024
Commit made on Thu Oct 17 14:57:44 UTC 2024
Commit made on Thu Oct 17 15:14:05 UTC 2024
Commit made on Thu Oct 17 15:31:37 UTC 2024
Commit made on Thu Oct 17 15:42:57 UTC 2024
Commit made on Thu Oct 17 15:50:01 UTC 2024
Commit made on Thu Oct 17 15:57:16 UTC 2024
Commit made on Thu Oct 17 16:17:13 UTC 2024
Commit made on Thu Oct 17 16:39:56 UTC 2024
Commit made on Thu Oct 17 16:51:45 UTC 2024
Commit made on Thu Oct 17 16:58:35 UTC 2024
Commit made on Thu Oct 17 17:14:27 UTC 2024
Commit made on Thu Oct 17 17:30:34 UTC 2024
Commit made on Thu Oct 17 17:40:04 UTC 2024
Commit made on Thu Oct 17 17:47:11 UTC 2024
Commit made on Thu Oct 17 17:54:27 UTC 2024
Commit made on Thu Oct 17 18:09:02 UTC 2024
Commit made on Thu Oct 17 18:33:34 UTC 2024
Commit made on Thu Oct 17 18:46:55 UTC 2024
Commit made on Thu Oct 17 18:54:13 UTC 2024
Commit made on Thu Oct 17 19:01:05 UTC 2024
Commit made on Thu Oct 17 19:17:59 UTC 2024
Commit made on Thu Oct 17 19:26:22 UTC 2024
Commit made on Thu Oct 17 19:36:01 UTC 2024
Commit made on Thu Oct 17 19:42:58 UTC 2024
Commit made on Thu Oct 17 19:50:19 UTC 2024
Commit made on Thu Oct 17 19:57:28 UTC 2024
Commit made on Thu Oct 17 20:15:00 UTC 2024
Commit made on Thu Oct 17 20:30:28 UTC 2024
Commit made on Thu Oct 17 20:40:32 UTC 2024
Commit made on Thu Oct 17 20:47:29 UTC 2024
Commit made on Thu Oct 17 20:55:18 UTC 2024
Commit made on Thu Oct 17 21:07:34 UTC 2024
Commit made on Thu Oct 17 21:25:08 UTC 2024
Commit made on Thu Oct 17 21:33:27 UTC 2024
Commit made on Thu Oct 17 21:41:00 UTC 2024
Commit made on Thu Oct 17 21:48:23 UTC 2024
Commit made on Thu Oct 17 21:55:33 UTC 2024
Commit made on Thu Oct 17 22:09:59 UTC 2024
Commit made on Thu Oct 17 22:30:15 UTC 2024
Commit made on Thu Oct 17 22:41:17 UTC 2024
Commit made on Thu Oct 17 22:48:26 UTC 2024
Commit made on Thu Oct 17 22:55:32 UTC 2024
Commit made on Thu Oct 17 23:10:43 UTC 2024
Commit made on Thu Oct 17 23:27:07 UTC 2024
Commit made on Thu Oct 17 23:36:25 UTC 2024
Commit made on Thu Oct 17 23:43:31 UTC 2024
Commit made on Thu Oct 17 23:50:36 UTC 2024
Commit made on Thu Oct 17 23:57:55 UTC 2024
Commit made on Fri Oct 18 01:06:11 UTC 2024
Commit made on Fri Oct 18 02:23:24 UTC 2024
Commit made on Fri Oct 18 03:02:21 UTC 2024
Commit made on Fri Oct 18 03:31:16 UTC 2024
Commit made on Fri Oct 18 03:45:55 UTC 2024
Commit made on Fri Oct 18 03:53:04 UTC 2024
Commit made on Fri Oct 18 04:00:10 UTC 2024
Commit made on Fri Oct 18 04:23:49 UTC 2024
Commit made on Fri Oct 18 04:40:34 UTC 2024
Commit made on Fri Oct 18 04:49:52 UTC 2024
Commit made on Fri Oct 18 04:56:57 UTC 2024
Commit made on Fri Oct 18 05:13:28 UTC 2024
Commit made on Fri Oct 18 05:32:12 UTC 2024
Commit made on Fri Oct 18 05:43:32 UTC 2024
Commit made on Fri Oct 18 05:50:34 UTC 2024
Commit made on Fri Oct 18 05:57:40 UTC 2024
Commit made on Fri Oct 18 06:20:00 UTC 2024
Commit made on Fri Oct 18 06:41:35 UTC 2024
Commit made on Fri Oct 18 06:51:39 UTC 2024
Commit made on Fri Oct 18 06:58:34 UTC 2024
Commit made on Fri Oct 18 07:15:23 UTC 2024
Commit made on Fri Oct 18 07:29:19 UTC 2024
Commit made on Fri Oct 18 07:38:03 UTC 2024
Commit made on Fri Oct 18 07:45:00 UTC 2024
Commit made on Fri Oct 18 07:51:55 UTC 2024
Commit made on Fri Oct 18 07:58:54 UTC 2024
Commit made on Fri Oct 18 08:21:06 UTC 2024
Commit made on Fri Oct 18 08:39:44 UTC 2024
Commit made on Fri Oct 18 08:49:31 UTC 2024
Commit made on Fri Oct 18 08:56:37 UTC 2024
Commit made on Fri Oct 18 09:13:31 UTC 2024
Commit made on Fri Oct 18 09:30:25 UTC 2024
Commit made on Fri Oct 18 09:40:18 UTC 2024
Commit made on Fri Oct 18 09:47:50 UTC 2024
Commit made on Fri Oct 18 09:54:54 UTC 2024
Commit made on Fri Oct 18 10:10:44 UTC 2024
Commit made on Fri Oct 18 10:33:47 UTC 2024
Commit made on Fri Oct 18 10:45:59 UTC 2024
Commit made on Fri Oct 18 10:53:13 UTC 2024
Commit made on Fri Oct 18 11:00:11 UTC 2024
Commit made on Fri Oct 18 11:16:23 UTC 2024
Commit made on Fri Oct 18 11:26:44 UTC 2024
Commit made on Fri Oct 18 11:35:02 UTC 2024
Commit made on Fri Oct 18 11:42:02 UTC 2024
Commit made on Fri Oct 18 11:49:22 UTC 2024
Commit made on Fri Oct 18 11:56:35 UTC 2024
Commit made on Fri Oct 18 12:23:58 UTC 2024
Commit made on Fri Oct 18 12:55:19 UTC 2024
Commit made on Fri Oct 18 13:18:21 UTC 2024
Commit made on Fri Oct 18 13:35:14 UTC 2024
Commit made on Fri Oct 18 13:44:15 UTC 2024
Commit made on Fri Oct 18 13:51:19 UTC 2024
Commit made on Fri Oct 18 13:58:20 UTC 2024
Commit made on Fri Oct 18 14:14:24 UTC 2024
Commit made on Fri Oct 18 14:32:08 UTC 2024
Commit made on Fri Oct 18 14:43:01 UTC 2024
Commit made on Fri Oct 18 14:49:56 UTC 2024
Commit made on Fri Oct 18 14:57:04 UTC 2024
Commit made on Fri Oct 18 15:14:54 UTC 2024
Commit made on Fri Oct 18 15:30:06 UTC 2024
Commit made on Fri Oct 18 15:40:29 UTC 2024
Commit made on Fri Oct 18 15:47:04 UTC 2024
Commit made on Fri Oct 18 15:54:01 UTC 2024
Commit made on Fri Oct 18 16:00:56 UTC 2024
Commit made on Fri Oct 18 16:26:07 UTC 2024
Commit made on Fri Oct 18 16:42:43 UTC 2024
Commit made on Fri Oct 18 16:51:48 UTC 2024
Commit made on Fri Oct 18 16:58:51 UTC 2024
Commit made on Fri Oct 18 17:15:12 UTC 2024
Commit made on Fri Oct 18 17:31:01 UTC 2024
Commit made on Fri Oct 18 17:40:25 UTC 2024
Commit made on Fri Oct 18 17:47:48 UTC 2024
Commit made on Fri Oct 18 17:55:07 UTC 2024
Commit made on Fri Oct 18 18:12:59 UTC 2024
Commit made on Fri Oct 18 18:36:54 UTC 2024
Commit made on Fri Oct 18 18:47:56 UTC 2024
Commit made on Fri Oct 18 18:55:40 UTC 2024
Commit made on Fri Oct 18 19:07:14 UTC 2024
Commit made on Fri Oct 18 19:19:44 UTC 2024
Commit made on Fri Oct 18 19:26:53 UTC 2024
Commit made on Fri Oct 18 19:34:55 UTC 2024
Commit made on Fri Oct 18 19:42:07 UTC 2024
Commit made on Fri Oct 18 19:49:24 UTC 2024
Commit made on Fri Oct 18 19:56:26 UTC 2024
Commit made on Fri Oct 18 20:12:25 UTC 2024
Commit made on Fri Oct 18 20:29:03 UTC 2024
Commit made on Fri Oct 18 20:38:30 UTC 2024
Commit made on Fri Oct 18 20:45:22 UTC 2024
Commit made on Fri Oct 18 20:53:03 UTC 2024
Commit made on Fri Oct 18 20:59:48 UTC 2024
Commit made on Fri Oct 18 21:17:24 UTC 2024
Commit made on Fri Oct 18 21:30:04 UTC 2024
Commit made on Fri Oct 18 21:38:14 UTC 2024
Commit made on Fri Oct 18 21:45:08 UTC 2024
Commit made on Fri Oct 18 21:52:11 UTC 2024
Commit made on Fri Oct 18 21:59:29 UTC 2024
Commit made on Fri Oct 18 22:16:39 UTC 2024
Commit made on Fri Oct 18 22:33:07 UTC 2024
Commit made on Fri Oct 18 22:42:56 UTC 2024
Commit made on Fri Oct 18 22:50:02 UTC 2024
Commit made on Fri Oct 18 22:56:53 UTC 2024
Commit made on Fri Oct 18 23:11:54 UTC 2024
Commit made on Fri Oct 18 23:26:28 UTC 2024
Commit made on Fri Oct 18 23:34:28 UTC 2024
Commit made on Fri Oct 18 23:41:26 UTC 2024
Commit made on Fri Oct 18 23:48:33 UTC 2024
Commit made on Fri Oct 18 23:55:37 UTC 2024
Commit made on Sat Oct 19 00:44:40 UTC 2024
Commit made on Sat Oct 19 02:07:06 UTC 2024
Commit made on Sat Oct 19 02:53:46 UTC 2024
Commit made on Sat Oct 19 03:13:03 UTC 2024
Commit made on Sat Oct 19 03:33:33 UTC 2024
Commit made on Sat Oct 19 03:44:24 UTC 2024
Commit made on Sat Oct 19 03:51:25 UTC 2024
Commit made on Sat Oct 19 03:58:12 UTC 2024
Commit made on Sat Oct 19 04:17:49 UTC 2024
Commit made on Sat Oct 19 04:34:42 UTC 2024
Commit made on Sat Oct 19 04:44:43 UTC 2024
Commit made on Sat Oct 19 04:51:34 UTC 2024
Commit made on Sat Oct 19 04:58:41 UTC 2024
Commit made on Sat Oct 19 05:15:10 UTC 2024
Commit made on Sat Oct 19 05:31:30 UTC 2024
Commit made on Sat Oct 19 05:41:13 UTC 2024
Commit made on Sat Oct 19 05:48:16 UTC 2024
Commit made on Sat Oct 19 05:55:29 UTC 2024
Commit made on Sat Oct 19 06:12:31 UTC 2024
Commit made on Sat Oct 19 06:34:48 UTC 2024
Commit made on Sat Oct 19 06:46:10 UTC 2024
Commit made on Sat Oct 19 06:53:20 UTC 2024
Commit made on Sat Oct 19 07:00:31 UTC 2024
Commit made on Sat Oct 19 07:19:00 UTC 2024
Commit made on Sat Oct 19 07:30:28 UTC 2024
Commit made on Sat Oct 19 07:38:35 UTC 2024
Commit made on Sat Oct 19 07:45:28 UTC 2024
Commit made on Sat Oct 19 07:52:44 UTC 2024
Commit made on Sat Oct 19 07:59:45 UTC 2024
Commit made on Sat Oct 19 08:22:03 UTC 2024
Commit made on Sat Oct 19 08:37:25 UTC 2024
Commit made on Sat Oct 19 08:46:25 UTC 2024
Commit made on Sat Oct 19 08:53:48 UTC 2024
Commit made on Sat Oct 19 09:00:34 UTC 2024
Commit made on Sat Oct 19 09:19:12 UTC 2024
Commit made on Sat Oct 19 09:30:25 UTC 2024
Commit made on Sat Oct 19 09:38:16 UTC 2024
Commit made on Sat Oct 19 09:45:22 UTC 2024
Commit made on Sat Oct 19 09:52:39 UTC 2024
Commit made on Sat Oct 19 09:59:50 UTC 2024
Commit made on Sat Oct 19 10:18:02 UTC 2024
Commit made on Sat Oct 19 10:34:18 UTC 2024
Commit made on Sat Oct 19 10:43:20 UTC 2024
Commit made on Sat Oct 19 10:50:19 UTC 2024
Commit made on Sat Oct 19 10:57:07 UTC 2024
Commit made on Sat Oct 19 11:10:15 UTC 2024
Commit made on Sat Oct 19 11:21:55 UTC 2024
Commit made on Sat Oct 19 11:29:13 UTC 2024
Commit made on Sat Oct 19 11:39:14 UTC 2024
Commit made on Sat Oct 19 11:46:12 UTC 2024
Commit made on Sat Oct 19 11:52:55 UTC 2024
Commit made on Sat Oct 19 12:00:09 UTC 2024
Commit made on Sat Oct 19 12:35:00 UTC 2024
Commit made on Sat Oct 19 12:59:45 UTC 2024
Commit made on Sat Oct 19 13:21:23 UTC 2024
Commit made on Sat Oct 19 13:32:41 UTC 2024
Commit made on Sat Oct 19 13:40:36 UTC 2024
Commit made on Sat Oct 19 13:47:42 UTC 2024
Commit made on Sat Oct 19 13:55:03 UTC 2024
Commit made on Sat Oct 19 14:07:55 UTC 2024
Commit made on Sat Oct 19 14:26:34 UTC 2024
Commit made on Sat Oct 19 14:37:12 UTC 2024
Commit made on Sat Oct 19 14:44:11 UTC 2024
Commit made on Sat Oct 19 14:51:07 UTC 2024
Commit made on Sat Oct 19 14:57:54 UTC 2024
Commit made on Sat Oct 19 15:13:31 UTC 2024
Commit made on Sat Oct 19 15:27:57 UTC 2024
Commit made on Sat Oct 19 15:36:33 UTC 2024
Commit made on Sat Oct 19 15:43:36 UTC 2024
Commit made on Sat Oct 19 15:50:47 UTC 2024
Commit made on Sat Oct 19 15:57:58 UTC 2024
Commit made on Sat Oct 19 16:16:56 UTC 2024
Commit made on Sat Oct 19 16:36:09 UTC 2024
Commit made on Sat Oct 19 16:47:01 UTC 2024
Commit made on Sat Oct 19 16:54:11 UTC 2024
Commit made on Sat Oct 19 17:01:05 UTC 2024
Commit made on Sat Oct 19 17:18:19 UTC 2024
Commit made on Sat Oct 19 17:31:26 UTC 2024
Commit made on Sat Oct 19 17:40:58 UTC 2024
Commit made on Sat Oct 19 17:47:57 UTC 2024
Commit made on Sat Oct 19 17:55:13 UTC 2024
Commit made on Sat Oct 19 18:10:49 UTC 2024
Commit made on Sat Oct 19 18:33:04 UTC 2024
Commit made on Sat Oct 19 18:44:29 UTC 2024
Commit made on Sat Oct 19 18:51:32 UTC 2024
Commit made on Sat Oct 19 18:58:35 UTC 2024
Commit made on Sat Oct 19 19:13:10 UTC 2024
Commit made on Sat Oct 19 19:23:04 UTC 2024
Commit made on Sat Oct 19 19:30:01 UTC 2024
Commit made on Sat Oct 19 19:38:14 UTC 2024
Commit made on Sat Oct 19 19:45:06 UTC 2024
Commit made on Sat Oct 19 19:52:17 UTC 2024
Commit made on Sat Oct 19 19:59:27 UTC 2024
Commit made on Sat Oct 19 20:18:32 UTC 2024
Commit made on Sat Oct 19 20:32:33 UTC 2024
Commit made on Sat Oct 19 20:43:07 UTC 2024
Commit made on Sat Oct 19 20:50:22 UTC 2024
Commit made on Sat Oct 19 20:57:30 UTC 2024
Commit made on Sat Oct 19 21:12:55 UTC 2024
Commit made on Sat Oct 19 21:26:25 UTC 2024
Commit made on Sat Oct 19 21:34:07 UTC 2024
Commit made on Sat Oct 19 21:41:03 UTC 2024
Commit made on Sat Oct 19 21:48:30 UTC 2024
Commit made on Sat Oct 19 21:55:37 UTC 2024
Commit made on Sat Oct 19 22:10:19 UTC 2024
Commit made on Sat Oct 19 22:29:30 UTC 2024
Commit made on Sat Oct 19 22:41:45 UTC 2024
Commit made on Sat Oct 19 22:48:57 UTC 2024
Commit made on Sat Oct 19 22:56:08 UTC 2024
Commit made on Sat Oct 19 23:10:50 UTC 2024
Commit made on Sat Oct 19 23:25:56 UTC 2024
Commit made on Sat Oct 19 23:33:39 UTC 2024
Commit made on Sat Oct 19 23:40:52 UTC 2024
Commit made on Sat Oct 19 23:47:58 UTC 2024
Commit made on Sat Oct 19 23:55:09 UTC 2024
Commit made on Sun Oct 20 00:45:39 UTC 2024
Commit made on Sun Oct 20 02:16:25 UTC 2024
Commit made on Sun Oct 20 03:05:00 UTC 2024
Commit made on Sun Oct 20 03:33:29 UTC 2024
Commit made on Sun Oct 20 03:48:01 UTC 2024
Commit made on Sun Oct 20 03:54:54 UTC 2024
Commit made on Sun Oct 20 04:11:03 UTC 2024
Commit made on Sun Oct 20 04:31:43 UTC 2024
Commit made on Sun Oct 20 04:44:08 UTC 2024
Commit made on Sun Oct 20 04:51:09 UTC 2024
Commit made on Sun Oct 20 04:58:10 UTC 2024
Commit made on Sun Oct 20 05:14:18 UTC 2024
Commit made on Sun Oct 20 05:30:50 UTC 2024
Commit made on Sun Oct 20 05:40:41 UTC 2024
Commit made on Sun Oct 20 05:47:51 UTC 2024
Commit made on Sun Oct 20 05:55:07 UTC 2024
Commit made on Sun Oct 20 06:12:15 UTC 2024
Commit made on Sun Oct 20 06:35:35 UTC 2024
Commit made on Sun Oct 20 06:47:10 UTC 2024
Commit made on Sun Oct 20 06:54:18 UTC 2024
Commit made on Sun Oct 20 07:01:17 UTC 2024
Commit made on Sun Oct 20 07:19:57 UTC 2024
Commit made on Sun Oct 20 07:31:32 UTC 2024
Commit made on Sun Oct 20 07:39:25 UTC 2024
Commit made on Sun Oct 20 07:46:32 UTC 2024
Commit made on Sun Oct 20 07:53:50 UTC 2024
Commit made on Sun Oct 20 08:00:45 UTC 2024
Commit made on Sun Oct 20 08:26:57 UTC 2024
